\BOOKMARK [0][-]{chapter*.1}{\376\377\000L\000i\000s\000t\001\003\000\040\000d\000e\000\040\000f\000i\000g\000u\000r\000i}{}% 1
\BOOKMARK [0][-]{chapter.1}{\376\377\000I\000n\000t\000r\000o\000d\000u\000c\000e\000r\000e}{}% 2
\BOOKMARK [1][-]{section.1.1}{\376\377\000M\000o\000t\000i\000v\000a\001\143\000i\000e\000\040\001\137\000i\000\040\000s\000c\000o\000p}{chapter.1}% 3
\BOOKMARK [1][-]{section.1.2}{\376\377\000C\000o\000n\000t\000e\000x\000t\000u\000l\000\040\000l\000u\000c\000r\001\003\000r\000i\000i}{chapter.1}% 4
\BOOKMARK [2][-]{subsection.1.2.1}{\376\377\000W\000e\000b\000\040\0001\000.\0000}{section.1.2}% 5
\BOOKMARK [2][-]{subsection.1.2.2}{\376\377\000W\000e\000b\000\040\0002\000.\0000}{section.1.2}% 6
\BOOKMARK [2][-]{subsection.1.2.3}{\376\377\000W\000e\000b\000\040\0003\000.\0000}{section.1.2}% 7
\BOOKMARK [1][-]{section.1.3}{\376\377\000E\000v\000o\000l\000u\001\143\000i\000a\000\040\000t\000e\000h\000n\000o\000l\000o\000g\000i\000i\000l\000o\000r}{chapter.1}% 8
\BOOKMARK [0][-]{chapter.2}{\376\377\000P\000a\000r\000a\000d\000i\000g\000m\000e\000l\000e\000\040\000a\000c\000t\000u\000a\000l\000e\000\040\000d\000e\000\040\000r\000a\000n\000d\000a\000r\000e}{}% 9
\BOOKMARK [1][-]{section.2.1}{\376\377\000S\000t\000a\000r\000e\000a\000\040\000d\000e\000\040\000a\000r\000t\001\003}{chapter.2}% 10
\BOOKMARK [1][-]{section.2.2}{\376\377\000C\000l\000i\000e\000n\000t\000\040\000s\000i\000d\000e\000\040\000r\000e\000n\000d\000e\000r\000i\000n\000g}{chapter.2}% 11
\BOOKMARK [1][-]{section.2.3}{\376\377\000S\000e\000r\000v\000e\000r\000\040\000s\000i\000d\000e\000\040\000r\000e\000n\000d\000e\000r\000i\000n\000g}{chapter.2}% 12
\BOOKMARK [1][-]{section.2.4}{\376\377\000S\000t\000a\000t\000i\000c\000\040\000s\000e\000r\000v\000e\000r\000\040\000g\000e\000n\000e\000r\000a\000t\000i\000o\000n}{chapter.2}% 13
\BOOKMARK [1][-]{section.2.5}{\376\377\000A\000l\000e\000g\000e\000r\000e\000a\000\040\000p\000a\000r\000a\000d\000i\000g\000m\000e\000i\000\040\000c\000o\000r\000e\000s\000p\000u\000n\000z\001\003\000t\000o\000a\000r\000e}{chapter.2}% 14
\BOOKMARK [0][-]{chapter.3}{\376\377\000A\000p\000l\000i\000c\000a\001\143\000i\000a\000\040\000p\000r\000a\000c\000t\000i\000c\001\003}{}% 15
\BOOKMARK [1][-]{section.3.1}{\376\377\000M\000e\000t\000r\000i\000c\000i\000\040\000d\000e\000\040\000p\000e\000r\000f\000o\000r\000m\000a\000n\001\143\001\003}{chapter.3}% 16
\BOOKMARK [1][-]{section.3.2}{\376\377\000M\000e\000t\000o\000d\000e\000\040\000d\000e\000\040\000e\000v\000a\000l\000u\000a\000r\000e\000\040\000a\000\040\000p\000e\000r\000f\000o\000r\000m\000a\000n\001\143\000e\000i}{chapter.3}% 17
\BOOKMARK [1][-]{section.3.3}{\376\377\000C\000o\000m\000p\000a\000r\000a\001\143\000i\000a\000\040\001\137\000i\000\040\000a\000n\000a\000l\000i\000z\000a\000\040\000p\000r\000a\000c\000t\000i\000c\001\003\000\040\000a\000\040\000a\000p\000l\000i\000c\000a\001\143\000i\000i\000l\000o\000r}{chapter.3}% 18
\BOOKMARK [2][-]{subsection.3.3.1}{\376\377\000M\000e\000t\000o\000d\000o\000l\000o\000g\000i\000e}{section.3.3}% 19
\BOOKMARK [2][-]{subsection.3.3.2}{\376\377\000V\000a\000n\000i\000l\000l\000a\000\040\000J\000a\000v\000a\000S\000c\000r\000i\000p\000t}{section.3.3}% 20
\BOOKMARK [2][-]{subsection.3.3.3}{\376\377\000R\000e\000a\000c\000t}{section.3.3}% 21
\BOOKMARK [2][-]{subsection.3.3.4}{\376\377\000N\000e\000x\000t\000.\000j\000s}{section.3.3}% 22
\BOOKMARK [2][-]{subsection.3.3.5}{\376\377\000G\000a\000t\000s\000b\000y}{section.3.3}% 23
\BOOKMARK [1][-]{section.3.4}{\376\377\000A\000n\000a\000l\000i\000z\000a\000\040\000p\000e\000r\000f\000o\000r\000m\000a\000n\001\143\000e\000i}{chapter.3}% 24
\BOOKMARK [2][-]{subsection.3.4.1}{\376\377\000W\000e\000b\000\040\000V\000i\000t\000a\000l\000s}{section.3.4}% 25
\BOOKMARK [2][-]{subsection.3.4.2}{\376\377\000L\000i\000g\000h\000t\000h\000o\000u\000s\000e}{section.3.4}% 26
\BOOKMARK [2][-]{subsection.3.4.3}{\376\377\000P\000a\000g\000e\000S\000p\000e\000e\000d\000\040\000I\000n\000s\000i\000g\000h\000t\000s}{section.3.4}% 27
\BOOKMARK [1][-]{section.3.5}{\376\377\000A\000n\000a\000l\000i\000z\000a\000\040\000r\000e\000z\000u\000l\000t\000a\000t\000e\000l\000o\000r}{chapter.3}% 28
\BOOKMARK [2][-]{subsection.3.5.1}{\376\377\000U\001\137\000u\000r\000i\000n\001\143\000a\000\040\000i\000m\000p\000l\000e\000m\000e\000n\000t\001\003\000r\000i\000i}{section.3.5}% 29
\BOOKMARK [2][-]{subsection.3.5.2}{\376\377\000P\000e\000r\000f\000o\000r\000m\000a\000n\001\143\000a}{section.3.5}% 30
\BOOKMARK [2][-]{subsection.3.5.3}{\376\377\000D\000i\000m\000e\000n\000s\000i\000u\000n\000e\000a\000\040\000a\000p\000l\000i\000c\000a\001\143\000i\000e\000i}{section.3.5}% 31
\BOOKMARK [2][-]{subsection.3.5.4}{\376\377\000S\000E\000O}{section.3.5}% 32
\BOOKMARK [0][-]{chapter.4}{\376\377\000C\000o\000n\000c\000l\000u\000z\000i\000i}{}% 33
\BOOKMARK [1][-]{section.4.1}{\376\377\000R\000e\000z\000u\000l\000t\000a\000t\000e\000l\000e\000\040\000o\000b\001\143\000i\000n\000u\000t\000e}{chapter.4}% 34
\BOOKMARK [1][-]{section.4.2}{\376\377\000D\000i\000r\000e\000c\001\143\000i\000i\000\040\000v\000i\000i\000t\000o\000a\000r\000e\000\040\000d\000e\000\040\000c\000e\000r\000c\000e\000t\000a\000r\000e}{chapter.4}% 35
\BOOKMARK [0][-]{section.4.2}{\376\377\000B\000i\000b\000l\000i\000o\000g\000r\000a\000p\000h\000y}{}% 36
\BOOKMARK [0][-]{appendix.A}{\376\377\000G\000l\000o\000s\000a\000r}{}% 37
\BOOKMARK [1][-]{section.A.1}{\376\377\000A\000c\000r\000o\000n\000i\000m\000e}{appendix.A}% 38
